InvestingParser: https://ru.investing.com/commodities/platinum -> HTTP 403 attempt=2/3 (body=5851b)
InvestingParser: https://ru.investing.com/commodities/platinum -> HTTP 403 attempt=3/3 (body=5851b)
PriceMonitor: investing fetch failed for '/commodities/platinum': TradingLogic::InvestingParser::HttpError: HTTP 403
PriceMonitor: instrument not found for query 'T'
Сургутнефтегаз (прив.): 36.79 (+0.19)
Совкомфлот: 70.99 (+0.21)
РусАгро: 1083.8 (0.0)
Русгрэйн: 14.15 (0.0)
Fix Price: 135.9 (0.0)
Solidcore: 270.0 (0.0)
ФосАгро: 5114.0 (-10.0)
Акрон: 16002.0 (-36.0)
Сбербанк: 262.1 (-1.71)
КуйбышевАзот: 274.2 (-1.8)
Роснефть: 347.9 (-2.35)
Сбер (прив.): 263.39 (-2.04)
Яндекс: 3649.0 (-32.0)
Южуралзолото: 0.6 (-0.01)
Транснефть (прив.): 1041.8 (-11.0)
МТС: 172.35 (-2.1)
РуссНефть: 82.95 (-1.05)
ВТБ: 57.03 (-0.73)
МКБ: 8.38 (-0.11)
X5 Retail: 1908.0 (-28.0)
Татнефть: 478.2 (-7.3)
МосБиржа: 143.57 (-2.22)
НОВАТЭК: 974.6 (-15.1)
ЛУКОЙЛ: 4492.0 (-72.0)
Газпром: 89.22 (-1.48)
РУСАЛ: 22.33 (-0.39)
Банк СПБ: 237.36 (-4.77)
Позитив: 851.6 (-17.8)
Аэрофлот: 30.39 (-0.7)
Мать и дитя: 1139.3 (-26.9)
Норникель: 108.06 (-2.9)
Северсталь: 557.2 (-16.4)
Ростелеком: 39.47 (-1.17)
АФК Система: 8.6 (-0.27)
Полюс: 1223.0 (-40.2)
Магнит: 1676.5 (-57.5)
ТМК: 53.94 (-1.9)
СПБ Биржа: 113.7 (-4.3)
НЛМК: 60.86 (-2.58)
ММК: 16.72 (-0.73)
Segezha: 0.47 (-0.02)
ВК: 133.25 (-6.3)
Telegram notification sent
PriceMonitor: instrument not found for query 'T'
USD/RUB: 78.56 (+0.59)
IMOEX (все сесс.): 2127.98 (-8.13)
Нефть Brent: 98.65 (+4.58)
Золото $: 4088.15 (-63.75)
S&P 500: 7498.96 (-10.24)
Dow Jones: 52218.58 (-6.06)
Никель: 17379.63 (+192.5)
Палладий: 1269.75 (-40.05)
Платина: 1626.55 (-26.75)
Татнефть: 492.9 (+14.7)
Позитив: 873.0 (+21.4)
Норникель: 110.74 (+2.68)
Магнит: 1716.5 (+40.0)
ММК: 17.11 (+0.39)
Совкомфлот: 72.63 (+1.64)
ВТБ: 58.27 (+1.24)
НЛМК: 62.14 (+1.28)
Банк СПБ: 241.85 (+4.49)
Мать и дитя: 1158.2 (+18.9)
ЛУКОЙЛ: 4564.5 (+72.5)
РУСАЛ: 22.68 (+0.36)
Роснефть: 353.2 (+5.3)
Ростелеком: 40.06 (+0.59)
Газпром: 90.5 (+1.28)
СПБ Биржа: 115.3 (+1.6)
РуссНефть: 84.1 (+1.15)
ФосАгро: 5179.0 (+65.0)
МосБиржа: 145.25 (+1.68)
Segezha: 0.48 (+0.01)
АФК Система: 8.7 (+0.1)
НОВАТЭК: 983.3 (+8.7)
МТС: 173.75 (+1.4)
Полюс: 1231.8 (+8.8)
ВК: 134.2 (+0.95)
Сургутнефтегаз (прив.): 36.99 (+0.2)
Яндекс: 3662.5 (+13.5)
Аэрофлот: 30.49 (+0.1)
Северсталь: 558.8 (+1.6)
X5 Retail: 1912.5 (+4.5)
Сбербанк: 262.62 (+0.52)
МКБ: 8.39 (+0.01)
Сбер (прив.): 263.71 (+0.32)
ТМК: 54.0 (+0.06)
Южуралзолото: 0.6 (+0.0)
РусАгро: 1083.8 (0.0)
Русгрэйн: 14.15 (0.0)
Fix Price: 135.9 (0.0)
Solidcore: 270.0 (0.0)
Акрон: 16002.0 (0.0)
Транснефть (прив.): 1039.4 (-2.4)
КуйбышевАзот: 272.2 (-2.0)
Telegram notification sent
