Telegram notifications sent
52-Day Low: 10 matches
Below SMA200: 10 matches
Drop from High: 10 matches
Growth 3 Months: 1 matches
Telegram notifications sent
52-Day Low: 10 matches
Below SMA200: 10 matches
Drop from High: 10 matches
Growth 3 Months: 0 matches
Telegram notifications sent
52-Day Low: 10 matches
Below SMA200: 10 matches
Drop from High: 10 matches
Growth 3 Months: 0 matches
Telegram notifications sent
52-Day Low: 10 matches
Below SMA200: 10 matches
Drop from High: 10 matches
Growth 3 Months: 0 matches
Telegram notifications sent
52-Day Low: 10 matches
Below SMA200: 10 matches
Drop from High: 10 matches
Growth 3 Months: 0 matches
Telegram notifications sent
52-Day Low: 10 matches
Below SMA200: 10 matches
Drop from High: 10 matches
Growth 3 Months: 2 matches
Telegram notifications sent
52-Day Low: 10 matches
Below SMA200: 10 matches
Drop from High: 10 matches
Growth 3 Months: 0 matches
Telegram notifications sent
52-Day Low: 10 matches
Below SMA200: 10 matches
Drop from High: 10 matches
Growth 3 Months: 0 matches
Telegram notifications sent
52-Day Low: 10 matches
Below SMA200: 10 matches
Drop from High: 10 matches
Growth 3 Months: 0 matches
Telegram notifications sent
52-Day Low: 8 matches
Below SMA200: 10 matches
Drop from High: 10 matches
Growth 3 Months: 1 matches
Telegram notifications sent
52-Day Low: 5 matches
Below SMA200: 10 matches
Drop from High: 10 matches
Growth 3 Months: 1 matches
Telegram notifications sent
52-Day Low: 4 matches
Below SMA200: 10 matches
Drop from High: 10 matches
Growth 3 Months: 0 matches
